MCA: delete all remaining traces of microchannel bus support.
scripts/config: properly report and set string options
kbuild: all{no,yes,mod,def,rand}config only read files when instructed to.
kconfig: Add error handling to KCONFIG_ALLCONFIG
nconf: add u, d command keys in scroll windows
menuconfig: add u, d, q command keys in text boxes
scripts/config: fix double-quotes un-escaping
kconfig: allow long lines in config file
kconfig/nconf: fix compile with ncurses reentrant API
scripts/config: add option to undef a symbol
scripts/config: allow alternate prefix to config option symbol
scripts/config: add option to not upper-case symbols
kconfig: replace 'oldnoconfig' with 'olddefconfig', and keep the old name as an alias
menuconfig: Assign jump keys per-page instead of globally
menuconfig: Do not open code textbox scroll up/down
menuconfig: Add jump keys to search results
menuconfig: Extend dialog_textbox so that it can return to a scrolled position
menuconfig: Extend dialog_textbox so that it can exit on arbitrary keypresses
menuconfig: Remove superfluous conditionnal
kconfig: document oldnoconfig to what it really does in conf.c
kconfig/mconf.c: revision of curses initialization.
menuconfig: Replace CIRCLEQ by list_head-style lists.
scripts/config: Fix wrong "shift" for --keep-case
kbuild: Fix missing '\n' for NEW symbols in yes "" | make oldconfig >conf.new
kconfig: nconf: rewrite labels of function keys line
kconfig: nconf: rewrite help texts
kconfig: fix a compiliation error when using make xconfig
nconf: function keys line, change background color for better readability
menuconfig: Get rid of the top-level entries for "Load an Alternate/Save an Alternate"
menuconfig: Add Save/Load buttons
kconfig:lxdialog: remove duplicate code
menuconfig:inputbox: support navigate input position
kconfig: document use of CONFIG_ environment variable
merge_config.sh: Add option to specify output dir
Revert "kconfig-language: add to hints"
kconfig: Fix malloc handling in conf tools
kconfig: get CONFIG_ prefix from the environment
kconfig: add a function to get the CONFIG_ prefix
kconfig: remove CONFIG_ from string constants
menuconfig: fix NULL pointer dereference when searching a symbol
menuconfig: print more info for symbol without prompts
kconfig: fix lists definition for C++
Revert "kconfig: fix randomising choice entries in presence of KCONFIG_ALLCONFIG"
kconfig: implement KCONFIG_PROBABILITY for randconfig
kconfig: allow specifying the seed for randconfig
kconfig: fix randomising choice entries in presence of KCONFIG_ALLCONFIG
kconfig: do not override symbols already set
kconfig: fix randconfig tristate detection
menuconfig: Add "breadcrumbs" navigation aid
menuconfig: Fix memory leak introduced by jump keys feature
merge_config.sh: Avoid creating unnessary source softlinks
57a9c76 scripts/config: fix assignment of parameters for short version of --*-after options
063f466 mconf: handle keys in empty dialogs
e983b7b kconfig/menu.c: fix multiple references to expressions in menu_add_prop()
